TN:
SF:/Users/wellington.ventura/Documents/Pessoal/zenklub/src/polyfills.ts
FNF:0
FNH:0
LF:0
LH:0
BRF:0
BRH:0
end_of_record
TN:
SF:/Users/wellington.ventura/Documents/Pessoal/zenklub/src/test.ts
FNF:0
FNH:0
DA:13,1
DA:18,1
DA:20,1
LF:3
LH:3
BRF:0
BRH:0
end_of_record
TN:
SF:/Users/wellington.ventura/Documents/Pessoal/zenklub/src/app/app.component.ts
FNF:0
FNH:0
DA:8,1
LF:1
LH:1
BRF:0
BRH:0
end_of_record
TN:
SF:/Users/wellington.ventura/Documents/Pessoal/zenklub/src/app/services/calendary/calendary.service.ts
FN:19,(anonymous_0)
FN:21,(anonymous_1)
FN:25,(anonymous_2)
FNF:3
FNH:3
FNDA:5,(anonymous_0)
FNDA:4,(anonymous_1)
FNDA:6,(anonymous_2)
DA:15,1
DA:17,5
DA:19,5
DA:22,4
DA:26,6
LF:5
LH:5
BRF:0
BRH:0
end_of_record
TN:
SF:/Users/wellington.ventura/Documents/Pessoal/zenklub/src/app/services/profile/profile.service.ts
FN:20,(anonymous_0)
FN:22,(anonymous_1)
FNF:2
FNH:2
FNDA:2,(anonymous_0)
FNDA:1,(anonymous_1)
DA:16,1
DA:18,2
DA:20,2
DA:23,1
LF:4
LH:4
BRF:0
BRH:0
end_of_record
TN:
SF:/Users/wellington.ventura/Documents/Pessoal/zenklub/src/app/shared/components/calendar/calendar.component.ts
FN:23,(anonymous_0)
FN:25,(anonymous_1)
FN:30,(anonymous_2)
FN:39,(anonymous_3)
FN:48,(anonymous_4)
FN:50,(anonymous_5)
FN:53,(anonymous_6)
FN:55,(anonymous_7)
FNF:8
FNH:6
FNDA:4,(anonymous_0)
FNDA:5,(anonymous_1)
FNDA:1,(anonymous_2)
FNDA:1,(anonymous_3)
FNDA:6,(anonymous_4)
FNDA:0,(anonymous_5)
FNDA:4,(anonymous_6)
FNDA:0,(anonymous_7)
DA:15,1
DA:19,4
DA:20,4
DA:21,4
DA:23,4
DA:26,5
DA:27,5
DA:31,1
DA:32,1
DA:33,1
DA:34,1
DA:36,1
DA:40,1
DA:41,1
DA:42,1
DA:43,1
DA:45,1
DA:49,6
DA:50,0
DA:54,4
DA:55,0
LF:21
LH:19
BRF:0
BRH:0
end_of_record
TN:
SF:/Users/wellington.ventura/Documents/Pessoal/zenklub/src/app/shared/components/card-user/card-user.component.ts
FNF:0
FNH:0
DA:10,1
DA:11,1
LF:2
LH:2
BRF:0
BRH:0
end_of_record
TN:
SF:/Users/wellington.ventura/Documents/Pessoal/zenklub/src/app/zenklub/pages/home/home.component.ts
FN:18,(anonymous_0)
FN:20,(anonymous_1)
FN:24,(anonymous_2)
FN:25,(anonymous_3)
FNF:4
FNH:3
FNDA:1,(anonymous_0)
FNDA:1,(anonymous_1)
FNDA:1,(anonymous_2)
FNDA:0,(anonymous_3)
DA:14,1
DA:18,1
DA:21,1
DA:25,1
LF:4
LH:4
BRF:0
BRH:0
end_of_record
TN:
SF:/Users/wellington.ventura/Documents/Pessoal/zenklub/src/environments/environment.ts
FNF:0
FNH:0
DA:5,1
LF:1
LH:1
BRF:0
BRH:0
end_of_record
